[2026-06-12 09:36:19.649]: Info: Sunshine version: 2026.516.143833 commit: 14ffa6fdaa53f7b51512be2b3d24f3939695403c
[2026-06-12 09:36:19.649]: Info: Package Publisher: LizardByte
[2026-06-12 09:36:19.649]: Info: Publisher Website: https://app.lizardbyte.dev
[2026-06-12 09:36:19.649]: Info: Get support: https://app.lizardbyte.dev/support
[2026-06-12 09:36:19.649]: Warning: Couldn't find app image at path [vscode.png]
[2026-06-12 09:36:19.650]: Info: [wayland] Found display [wayland-1]
[2026-06-12 09:36:19.690]: Info: [wayland] Found interface: zxdg_output_manager_v1(9) version 3
[2026-06-12 09:36:19.690]: Info: [wayland] Found interface: zwlr_screencopy_manager_v1(58) version 3
[2026-06-12 09:36:19.690]: Info: [wayland] Found interface: zwp_linux_dmabuf_v1(67) version 5
[2026-06-12 09:36:19.690]: Info: [wayland] Found interface: wl_output(68) version 4
[2026-06-12 09:36:19.691]: Info: [wayland] Resolution: 1920x1080
[2026-06-12 09:36:19.691]: Info: [wayland] Name: HDMI-A-1
[2026-06-12 09:36:19.691]: Info: [wayland] Found monitor: Kingston Tech Corporation EPI3241 0x00000242 (HDMI-A-1)
[2026-06-12 09:36:19.691]: Info: [wayland] Offset: 0x0
[2026-06-12 09:36:19.691]: Info: [wayland] Logical size: 1920x1080
[2026-06-12 09:36:19.691]: Info: [wlgrab] -------- Start of Wayland monitor list --------
[2026-06-12 09:36:19.691]: Info: [wlgrab] Monitor 0 is HDMI-A-1: Kingston Tech Corporation EPI3241 0x00000242 (HDMI-A-1)
[2026-06-12 09:36:19.691]: Info: [wlgrab] --------- End of Wayland monitor list ---------
[2026-06-12 09:36:19.719]: Info: // Testing for available encoders, this may generate errors. You can safely ignore those errors. //
[2026-06-12 09:36:19.719]: Info: Trying encoder [nvenc]
[2026-06-12 09:36:19.719]: Info: [misc] drop_elevated_privileges succeeded in dropping capabilities
[2026-06-12 09:36:19.719]: Info: Screencasting with Wayland's protocol
[2026-06-12 09:36:19.719]: Info: [wlgrab] Requested frame rate [60/1, approx. 60 fps]
[2026-06-12 09:36:19.719]: Info: [wayland] Found display [wayland-1]
[2026-06-12 09:36:19.719]: Info: [wayland] Found interface: zxdg_output_manager_v1(9) version 3
[2026-06-12 09:36:19.720]: Info: [wayland] Found interface: zwlr_screencopy_manager_v1(58) version 3
[2026-06-12 09:36:19.720]: Info: [wayland] Found interface: zwp_linux_dmabuf_v1(67) version 5
[2026-06-12 09:36:19.720]: Info: [wayland] Found interface: wl_output(68) version 4
[2026-06-12 09:36:19.720]: Info: [wayland] Resolution: 1920x1080
[2026-06-12 09:36:19.720]: Info: [wayland] Name: HDMI-A-1
[2026-06-12 09:36:19.720]: Info: [wayland] Found monitor: Kingston Tech Corporation EPI3241 0x00000242 (HDMI-A-1)
[2026-06-12 09:36:19.720]: Info: [wayland] Offset: 0x0
[2026-06-12 09:36:19.720]: Info: [wayland] Logical size: 1920x1080
[2026-06-12 09:36:19.720]: Info: [wlgrab] Selected monitor [Kingston Tech Corporation EPI3241 0x00000242 (HDMI-A-1)] for streaming
[2026-06-12 09:36:19.720]: Info: Creating encoder [h264_nvenc]
[2026-06-12 09:36:19.720]: Info: Color coding: SDR (Rec. 601)
[2026-06-12 09:36:19.720]: Info: Color depth: 8-bit
[2026-06-12 09:36:19.720]: Info: Color range: JPEG
[2026-06-12 09:36:19.720]: Error: [CUDA @ 0x555d37a85040] Cannot load libcuda.so.1
[2026-06-12 09:36:19.722]: Error: [CUDA @ 0x555d37a85040] Could not dynamically load CUDA
[2026-06-12 09:36:19.722]: Error: Failed to create a CUDA device: Operation not permitted
[2026-06-12 09:36:19.722]: Info: Creating encoder [h264_nvenc]
[2026-06-12 09:36:19.722]: Info: Color coding: SDR (Rec. 601)
[2026-06-12 09:36:19.722]: Info: Color depth: 8-bit
[2026-06-12 09:36:19.722]: Info: Color range: JPEG
[2026-06-12 09:36:19.722]: Error: [CUDA @ 0x555d37aa1ac0] Cannot load libcuda.so.1
[2026-06-12 09:36:19.722]: Error: [CUDA @ 0x555d37aa1ac0] Could not dynamically load CUDA
[2026-06-12 09:36:19.722]: Error: Failed to create a CUDA device: Operation not permitted
[2026-06-12 09:36:19.722]: Info: Encoder [nvenc] failed
[2026-06-12 09:36:19.722]: Info: Trying encoder [vulkan]
[2026-06-12 09:36:19.722]: Info: Screencasting with Wayland's protocol
[2026-06-12 09:36:19.722]: Error: [wlgrab] Could not initialize display with the given hw device type.
[2026-06-12 09:36:19.920]: Info: Screencasting with Wayland's protocol
[2026-06-12 09:36:19.920]: Error: [wlgrab] Could not initialize display with the given hw device type.
[2026-06-12 09:36:20.120]: Info: Encoder [vulkan] failed
[2026-06-12 09:36:20.121]: Info: Trying encoder [vaapi]
[2026-06-12 09:36:20.121]: Info: Screencasting with Wayland's protocol
[2026-06-12 09:36:20.121]: Info: [wlgrab] Requested frame rate [60/1, approx. 60 fps]
[2026-06-12 09:36:20.121]: Info: [wayland] Found display [wayland-1]
[2026-06-12 09:36:20.121]: Info: [wayland] Found interface: zxdg_output_manager_v1(9) version 3
[2026-06-12 09:36:20.121]: Info: [wayland] Found interface: zwlr_screencopy_manager_v1(58) version 3
[2026-06-12 09:36:20.121]: Info: [wayland] Found interface: zwp_linux_dmabuf_v1(67) version 5
[2026-06-12 09:36:20.121]: Info: [wayland] Found interface: wl_output(68) version 4
[2026-06-12 09:36:20.121]: Info: [wayland] Resolution: 1920x1080
[2026-06-12 09:36:20.121]: Info: [wayland] Name: HDMI-A-1
[2026-06-12 09:36:20.121]: Info: [wayland] Found monitor: Kingston Tech Corporation EPI3241 0x00000242 (HDMI-A-1)
[2026-06-12 09:36:20.121]: Info: [wayland] Offset: 0x0
[2026-06-12 09:36:20.121]: Info: [wayland] Logical size: 1920x1080
[2026-06-12 09:36:20.121]: Info: [wlgrab] Selected monitor [Kingston Tech Corporation EPI3241 0x00000242 (HDMI-A-1)] for streaming
[2026-06-12 09:36:20.121]: Info: Creating encoder [h264_vaapi]
[2026-06-12 09:36:20.121]: Info: Color coding: SDR (Rec. 601)
[2026-06-12 09:36:20.121]: Info: Color depth: 8-bit
[2026-06-12 09:36:20.121]: Info: Color range: JPEG
[2026-06-12 09:36:20.132]: Info: EGL: context priority set to HIGH
[2026-06-12 09:36:20.137]: Info: vaapi vendor: Mesa Gallium driver 26.1.2-arch2.1 for AMD Radeon RX 9060 XT (radeonsi, gfx1200, ACO, DRM 3.64, 6.18.33-2-cachyos-lts)
[2026-06-12 09:36:20.138]: Info: Streaming bitrate is 1000000
[2026-06-12 09:36:20.138]: Info: Using normal encoding mode
[2026-06-12 09:36:20.138]: Info: Using default rate control
[2026-06-12 09:36:20.161]: Info: Creating encoder [hevc_vaapi]
[2026-06-12 09:36:20.161]: Info: Color coding: SDR (Rec. 601)
[2026-06-12 09:36:20.161]: Info: Color depth: 8-bit
[2026-06-12 09:36:20.161]: Info: Color range: JPEG
[2026-06-12 09:36:20.168]: Info: EGL: context priority set to HIGH
[2026-06-12 09:36:20.173]: Info: vaapi vendor: Mesa Gallium driver 26.1.2-arch2.1 for AMD Radeon RX 9060 XT (radeonsi, gfx1200, ACO, DRM 3.64, 6.18.33-2-cachyos-lts)
[2026-06-12 09:36:20.173]: Info: Streaming bitrate is 1000000
[2026-06-12 09:36:20.173]: Info: Using normal encoding mode
[2026-06-12 09:36:20.173]: Info: Using default rate control
[2026-06-12 09:36:20.187]: Info: Creating encoder [av1_vaapi]
[2026-06-12 09:36:20.187]: Info: Color coding: SDR (Rec. 601)
[2026-06-12 09:36:20.187]: Info: Color depth: 8-bit
[2026-06-12 09:36:20.187]: Info: Color range: JPEG
[2026-06-12 09:36:20.193]: Info: EGL: context priority set to HIGH
[2026-06-12 09:36:20.197]: Info: vaapi vendor: Mesa Gallium driver 26.1.2-arch2.1 for AMD Radeon RX 9060 XT (radeonsi, gfx1200, ACO, DRM 3.64, 6.18.33-2-cachyos-lts)
[2026-06-12 09:36:20.198]: Info: Streaming bitrate is 1000000
[2026-06-12 09:36:20.198]: Info: Using normal encoding mode
[2026-06-12 09:36:20.198]: Info: Using VBR with single frame VBV size
[2026-06-12 09:36:20.198]: Warning: [av1_vaapi @ 0x555d37a85a80] Multiple slices were requested but this codec does not support controlling slices.
[2026-06-12 09:36:20.209]: Info: Screencasting with Wayland's protocol
[2026-06-12 09:36:20.210]: Info: [wlgrab] Requested frame rate [60/1, approx. 60 fps]
[2026-06-12 09:36:20.210]: Info: [wayland] Found display [wayland-1]
[2026-06-12 09:36:20.210]: Info: [wayland] Found interface: zxdg_output_manager_v1(9) version 3
[2026-06-12 09:36:20.210]: Info: [wayland] Found interface: zwlr_screencopy_manager_v1(58) version 3
[2026-06-12 09:36:20.210]: Info: [wayland] Found interface: zwp_linux_dmabuf_v1(67) version 5
[2026-06-12 09:36:20.210]: Info: [wayland] Found interface: wl_output(68) version 4
[2026-06-12 09:36:20.210]: Info: [wayland] Resolution: 1920x1080
[2026-06-12 09:36:20.210]: Info: [wayland] Name: HDMI-A-1
[2026-06-12 09:36:20.210]: Info: [wayland] Found monitor: Kingston Tech Corporation EPI3241 0x00000242 (HDMI-A-1)
[2026-06-12 09:36:20.210]: Info: [wayland] Offset: 0x0
[2026-06-12 09:36:20.210]: Info: [wayland] Logical size: 1920x1080
[2026-06-12 09:36:20.210]: Info: [wlgrab] Selected monitor [Kingston Tech Corporation EPI3241 0x00000242 (HDMI-A-1)] for streaming
[2026-06-12 09:36:20.210]: Info: Creating encoder [hevc_vaapi]
[2026-06-12 09:36:20.210]: Info: Color coding: SDR (Rec. 709)
[2026-06-12 09:36:20.210]: Info: Color depth: 10-bit
[2026-06-12 09:36:20.210]: Info: Color range: JPEG
[2026-06-12 09:36:20.216]: Info: EGL: context priority set to HIGH
[2026-06-12 09:36:20.221]: Info: vaapi vendor: Mesa Gallium driver 26.1.2-arch2.1 for AMD Radeon RX 9060 XT (radeonsi, gfx1200, ACO, DRM 3.64, 6.18.33-2-cachyos-lts)
[2026-06-12 09:36:20.222]: Info: Streaming bitrate is 1000000
[2026-06-12 09:36:20.222]: Info: Using normal encoding mode
[2026-06-12 09:36:20.222]: Info: Using default rate control
[2026-06-12 09:36:20.236]: Info: Creating encoder [av1_vaapi]
[2026-06-12 09:36:20.236]: Info: Color coding: SDR (Rec. 709)
[2026-06-12 09:36:20.236]: Info: Color depth: 10-bit
[2026-06-12 09:36:20.236]: Info: Color range: JPEG
[2026-06-12 09:36:20.242]: Info: EGL: context priority set to HIGH
[2026-06-12 09:36:20.246]: Info: vaapi vendor: Mesa Gallium driver 26.1.2-arch2.1 for AMD Radeon RX 9060 XT (radeonsi, gfx1200, ACO, DRM 3.64, 6.18.33-2-cachyos-lts)
[2026-06-12 09:36:20.247]: Info: Streaming bitrate is 1000000
[2026-06-12 09:36:20.247]: Info: Using normal encoding mode
[2026-06-12 09:36:20.247]: Info: Using VBR with single frame VBV size
[2026-06-12 09:36:20.247]: Warning: [av1_vaapi @ 0x555d37a85a80] Multiple slices were requested but this codec does not support controlling slices.
[2026-06-12 09:36:20.259]: Info: 
[2026-06-12 09:36:20.259]: Info: // Ignore any errors mentioned above, they are not relevant. //
[2026-06-12 09:36:20.259]: Info: 
[2026-06-12 09:36:20.259]: Info: Found H.264 encoder: h264_vaapi [vaapi]
[2026-06-12 09:36:20.259]: Info: Found HEVC encoder: hevc_vaapi [vaapi]
[2026-06-12 09:36:20.259]: Info: Found AV1 encoder: av1_vaapi [vaapi]
[2026-06-12 09:36:20.260]: Info: Starting system tray
[2026-06-12 09:36:20.260]: Fatal: Couldn't bind RTSP server to port [48010], Address already in use
[2026-06-12 09:36:20.261]: Error: Failed to create client: Daemon not running
[2026-06-12 09:36:20.280]: Info: System tray created
[2026-06-12 09:36:20.280]: Info: Starting main loop
